<?xml version="1.0" encoding="UTF-8"?>
<!-- Generated by org.testng.reporters.JUnitReportReporter -->
<testsuite hostname="rohar-glinux" failures="0" tests="1" name="com.testngdemo.Day1" time="0.007" errors="0" timestamp="2025-07-06T11:02:05 IST" skipped="0">
  <testcase classname="com.testngdemo.Day1" name="Demo" time="0.007"/>
</testsuite> <!-- com.testngdemo.Day1 -->
